<?xml version="1.0" encoding="UTF-8"?>
<!-- Generated by org.testng.reporters.JUnitReportReporter -->
<testsuite hostname="DESKTOP-3QHUGC0" failures="0" tests="1" name="Methods.Test_put01" time="0.391" errors="0" timestamp="2023-01-24T14:27:45 PST" skipped="0">
  <testcase classname="Methods.Test_put01" name="test_put" time="0.391"/>
  <system-out/>
</testsuite> <!-- Methods.Test_put01 -->
