<?xml version="1.0" encoding="UTF-8"?>
<!-- Generated by org.testng.reporters.JUnitReportReporter -->
<testsuite hostname="DESKTOP-3QHUGC0" failures="0" tests="1" name="Methods.Test_post1" time="0.438" errors="0" timestamp="2023-01-24T14:27:45 PST" skipped="0">
  <testcase classname="Methods.Test_post1" name="Test_post" time="0.438"/>
  <system-out/>
</testsuite> <!-- Methods.Test_post1 -->
