<?xml version="1.0" encoding="UTF-8"?>
<!-- Generated by org.testng.reporters.JUnitReportReporter -->
<testsuite hostname="DESKTOP-3QHUGC0" failures="0" tests="4" name="Methods.Datadriven_postpractice" time="5.187" errors="0" timestamp="2023-01-24T14:27:45 PST" skipped="0">
  <testcase classname="Methods.Datadriven_postpractice" name="Post" time="3.939"/>
  <system-out/>
  <testcase classname="Methods.Datadriven_postpractice" name="Post" time="0.407"/>
  <system-out/>
  <testcase classname="Methods.Datadriven_postpractice" name="Post" time="0.443"/>
  <system-out/>
  <testcase classname="Methods.Datadriven_postpractice" name="Post" time="0.398"/>
  <system-out/>
</testsuite> <!-- Methods.Datadriven_postpractice -->
