<?xml version="1.0" encoding="UTF-8"?>
<!-- Generated by org.testng.reporters.JUnitReportReporter -->
<testsuite hostname="DESKTOP-3QHUGC0" failures="0" tests="3" name="Methods.Post_datadriven" time="1.213" errors="0" timestamp="2023-01-24T14:27:45 PST" skipped="0">
  <testcase classname="Methods.Post_datadriven" name="Post" time="0.413"/>
  <system-out/>
  <testcase classname="Methods.Post_datadriven" name="Post" time="0.389"/>
  <system-out/>
  <testcase classname="Methods.Post_datadriven" name="Post" time="0.411"/>
  <system-out/>
</testsuite> <!-- Methods.Post_datadriven -->
